app/build/outputs/logs/manifest-merger-debug-report.txt
-- Merging decision tree log ---
manifest
ADDED from src/main/AndroidManifest.xml:2:1-52:12
	package
		ADDED from src/main/AndroidManifest.xml:3:5-36
		INJECTED from src/main/AndroidManifest.xml
		INJECTED from src/main/AndroidManifest.xml
	android:versionName
		ADDED from src/main/AndroidManifest.xml:5:5-30
		INJECTED from src/main/AndroidManifest.xml
		INJECTED from src/main/AndroidManifest.xml
	android:versionCode
		ADDED from src/main/AndroidManifest.xml:4:5-28
		INJECTED from src/main/AndroidManifest.xml
		INJECTED from src/main/AndroidManifest.xml
	xmlns:android
		ADDED from src/main/AndroidManifest.xml:2:11-69
uses-sdk
ADDED from src/main/AndroidManifest.xml:7:5-9:41
MERGED from [com.android.support:support-v4:25.3.1] AndroidManifest.xml:21:5-23:54
MERGED from [com.android.support:support-fragment:25.3.1] AndroidManifest.xml:21:5-23:60
MERGED from [com.android.support:support-media-compat:25.3.1] AndroidManifest.xml:21:5-23:63
MERGED from [com.android.support:support-core-ui:25.3.1] AndroidManifest.xml:21:5-23:58
MERGED from [com.android.support:support-core-utils:25.3.1] AndroidManifest.xml:21:5-23:61
MERGED from [com.android.support:support-compat:25.3.1] AndroidManifest.xml:21:5-23:58
	tools:overrideLibrary
		ADDED from [com.android.support:support-v4:25.3.1] AndroidManifest.xml:23:9-51
	android:targetSdkVersion
		ADDED from src/main/AndroidManifest.xml:9:9-38
		INJECTED from src/main/AndroidManifest.xml
		INJECTED from src/main/AndroidManifest.xml
	android:minSdkVersion
		ADDED from src/main/AndroidManifest.xml:8:9-34
		INJECTED from src/main/AndroidManifest.xml
		INJECTED from src/main/AndroidManifest.xml
uses-permission#android.permission.MODIFY_PHONE_STATE
ADDED from src/main/AndroidManifest.xml:11:5-77
	android:name
		ADDED from src/main/AndroidManifest.xml:11:22-74
uses-permission#android.permission.CALL_PHONE
ADDED from src/main/AndroidManifest.xml:12:5-69
	android:name
		ADDED from src/main/AndroidManifest.xml:12:22-66
uses-permission#android.permission.READ_PHONE_STATE
ADDED from src/main/AndroidManifest.xml:13:5-75
	android:name
		ADDED from src/main/AndroidManifest.xml:13:22-72
uses-permission#android.permission.READ_CONTACTS
ADDED from src/main/AndroidManifest.xml:14:5-72
	android:name
		ADDED from src/main/AndroidManifest.xml:14:22-69
application
ADDED from src/main/AndroidManifest.xml:16:5-50:19
MERGED from [com.android.support:support-v4:25.3.1] AndroidManifest.xml:29:5-20
MERGED from [com.android.support:support-fragment:25.3.1] AndroidManifest.xml:29:5-20
MERGED from [com.android.support:support-media-compat:25.3.1] AndroidManifest.xml:29:5-20
MERGED from [com.android.support:support-core-ui:25.3.1] AndroidManifest.xml:29:5-20
MERGED from [com.android.support:support-core-utils:25.3.1] AndroidManifest.xml:29:5-20
MERGED from [com.android.support:support-compat:25.3.1] AndroidManifest.xml:29:5-20
	android:label
		ADDED from src/main/AndroidManifest.xml:18:9-41
	android:icon
		ADDED from src/main/AndroidManifest.xml:17:9-44
	android:theme
		ADDED from src/main/AndroidManifest.xml:19:9-40
receiver#com.example.blockcall.Blocker
ADDED from src/main/AndroidManifest.xml:20:9-25:20
	android:name
		ADDED from src/main/AndroidManifest.xml:20:19-63
intent-filter#android.intent.action.PHONE_STATE
ADDED from src/main/AndroidManifest.xml:21:13-24:29
	android:priority
		ADDED from src/main/AndroidManifest.xml:21:28-51
action#android.intent.action.PHONE_STATE
ADDED from src/main/AndroidManifest.xml:22:17-23:26
	android:name
		ADDED from src/main/AndroidManifest.xml:22:25-73
activity#com.example.blockcall.Blockers
ADDED from src/main/AndroidManifest.xml:27:9-36:20
	android:label
		ADDED from src/main/AndroidManifest.xml:30:13-45
	android:icon
		ADDED from src/main/AndroidManifest.xml:29:13-48
	android:name
		ADDED from src/main/AndroidManifest.xml:28:13-58
intent-filter#android.intent.action.MAIN+android.intent.category.LAUNCHER
ADDED from src/main/AndroidManifest.xml:31:13-35:29
action#android.intent.action.MAIN
ADDED from src/main/AndroidManifest.xml:32:17-69
	android:name
		ADDED from src/main/AndroidManifest.xml:32:25-66
category#android.intent.category.LAUNCHER
ADDED from src/main/AndroidManifest.xml:34:17-77
	android:name
		ADDED from src/main/AndroidManifest.xml:34:27-74
activity#com.example.blockcall.NumberList
ADDED from src/main/AndroidManifest.xml:37:9-41:20
	android:label
		ADDED from src/main/AndroidManifest.xml:39:13-45
	android:theme
		ADDED from src/main/AndroidManifest.xml:40:13-55
	android:name
		ADDED from src/main/AndroidManifest.xml:38:13-60
activity#com.example.blockcall.ListActivity
ADDED from src/main/AndroidManifest.xml:42:9-45:20
	android:label
		ADDED from src/main/AndroidManifest.xml:44:13-45
	android:name
		ADDED from src/main/AndroidManifest.xml:43:13-62
activity#com.example.blockcall.Outtime
ADDED from src/main/AndroidManifest.xml:46:9-49:20
	android:label
		ADDED from src/main/AndroidManifest.xml:48:13-59
	android:name
		ADDED from src/main/AndroidManifest.xml:47:13-57
meta-data#android.support.VERSION
ADDED from [com.android.support:support-v4:25.3.1] AndroidManifest.xml:25:5-27:34
MERGED from [com.android.support:support-fragment:25.3.1] AndroidManifest.xml:25:5-27:34
MERGED from [com.android.support:support-media-compat:25.3.1] AndroidManifest.xml:25:5-27:34
MERGED from [com.android.support:support-core-ui:25.3.1] AndroidManifest.xml:25:5-27:34
MERGED from [com.android.support:support-core-utils:25.3.1] AndroidManifest.xml:25:5-27:34
MERGED from [com.android.support:support-compat:25.3.1] AndroidManifest.xml:25:5-27:34
	android:value
		ADDED from [com.android.support:support-v4:25.3.1] AndroidManifest.xml:27:9-31
	android:name
		ADDED from [com.android.support:support-v4:25.3.1] AndroidManifest.xml:26:9-47